<?xml version="1.0" encoding="UTF-8"?>
<testng-results skipped="0" failed="1" ignored="0" total="4" passed="3">
  <reporter-output>
    <line>
      <![CDATA[http://localhost/login.do]]>
    </line>
    <line>
      <![CDATA[20]]>
    </line>
    <line>
      <![CDATA[admin-admin-actiTIME - Enter Time-Track]]>
    </line>
    <line>
      <![CDATA[Pass: HomePage is displayed]]>
    </line>
    <line>
      <![CDATA[http://localhost/login.do]]>
    </line>
    <line>
      <![CDATA[20]]>
    </line>
    <line>
      <![CDATA[Pass : Error msg is displayed]]>
    </line>
    <line>
      <![CDATA[http://localhost/login.do]]>
    </line>
    <line>
      <![CDATA[20]]>
    </line>
    <line>
      <![CDATA[http://localhost/login.do]]>
    </line>
    <line>
      <![CDATA[20]]>
    </line>
  </reporter-output>
  <suite name="Suite" duration-ms="18787" started-at="2018-01-02T11:06:12Z" finished-at="2018-01-02T11:06:31Z">
    <groups>
      <group name="smoke">
        <method signature="ValidLogin.testValidLogin()[pri:1, instance:script.ValidLogin@69a3d1d]" name="testValidLogin" class="script.ValidLogin"/>
      </group> <!-- smoke -->
      <group name="login">
        <method signature="CheckProductVersion.testCheckProductVersion()[pri:2, instance:script.CheckProductVersion@2f943d71]" name="testCheckProductVersion" class="script.CheckProductVersion"/>
        <method signature="InvalidLogin.testInvalidLogin()[pri:2, instance:script.InvalidLogin@80503]" name="testInvalidLogin" class="script.InvalidLogin"/>
        <method signature="ValidLogin.testValidLogin()[pri:1, instance:script.ValidLogin@69a3d1d]" name="testValidLogin" class="script.ValidLogin"/>
        <method signature="invalidLogin_MultipleData.testInvalidLogin()[pri:2, instance:script.invalidLogin_MultipleData@4b553d26]" name="testInvalidLogin" class="script.invalidLogin_MultipleData"/>
      </group> <!-- login -->
    </groups>
    <test name="Test" duration-ms="18787" started-at="2018-01-02T11:06:12Z" finished-at="2018-01-02T11:06:31Z">
      <class name="script.invalidLogin_MultipleData">
        <test-method status="PASS" signature="openApp(java.lang.String)[pri:0, instance:script.invalidLogin_MultipleData@4b553d26]" name="openApp" is-config="true" duration-ms="2896" started-at="2018-01-02T16:36:21Z" finished-at="2018-01-02T16:36:24Z">
          <params>
            <param index="0">
              <value>
                <![CDATA[chrome]]>
              </value>
            </param>
          </params>
          <reporter-output>
            <line>
              <![CDATA[http://localhost/login.do]]>
            </line>
            <line>
              <![CDATA[20]]>
            </line>
          </reporter-output>
        </test-method> <!-- openApp -->
        <test-method status="PASS" signature="testInvalidLogin()[pri:2, instance:script.invalidLogin_MultipleData@4b553d26]" name="testInvalidLogin" duration-ms="2860" started-at="2018-01-02T16:36:24Z" finished-at="2018-01-02T16:36:26Z">
          <reporter-output>
          </reporter-output>
        </test-method> <!-- testInvalidLogin -->
      </class> <!-- script.invalidLogin_MultipleData -->
      <class name="script.CheckProductVersion">
        <test-method status="PASS" signature="openApp(java.lang.String)[pri:0, instance:script.CheckProductVersion@2f943d71]" name="openApp" is-config="true" duration-ms="2903" started-at="2018-01-02T16:36:26Z" finished-at="2018-01-02T16:36:29Z">
          <params>
            <param index="0">
              <value>
                <![CDATA[chrome]]>
              </value>
            </param>
          </params>
          <reporter-output>
            <line>
              <![CDATA[http://localhost/login.do]]>
            </line>
            <line>
              <![CDATA[20]]>
            </line>
          </reporter-output>
        </test-method> <!-- openApp -->
        <test-method status="FAIL" signature="testCheckProductVersion()[pri:2, instance:script.CheckProductVersion@2f943d71]" name="testCheckProductVersion" duration-ms="1181" started-at="2018-01-02T16:36:29Z" finished-at="2018-01-02T16:36:31Z">
          <exception class="org.openqa.selenium.WebDriverException">
            <message>
              <![CDATA[unknown error: Element <div class="popup_menu_label">...</div> is not clickable at point (947, 68). Other element would receive the click: <div id="preInsertedTransformedMoireId" class="transformedMoireClass" style="transition: opacity 600ms ease-in-out; opacity: 0;"></div>  (Session info: chrome=63.0.3239.84)  (Driver info: chromedriver=2.33.506120 (e3e53437346286c0bc2d2dc9aa4915ba81d9023f),platform=Windows NT 10.0.16299 x86_64) (WARNING: The server did not provide any stacktrace information)Command duration or timeout: 0 millisecondsBuild info: version: '3.6.0', revision: '6fbf3ec767', time: '2017-09-27T16:15:40.131Z'System info: host: 'LAPTOP-AFJGE02E', ip: '192.168.80.1', os.name: 'Windows 10', os.arch: 'amd64', os.version: '10.0', java.version: '1.8.0_131'Driver info: org.openqa.selenium.chrome.ChromeDriverCapabilities [{mobileEmulationEnabled=false, hasTouchScreen=false, platform=XP, acceptSslCerts=true, webStorageEnabled=true, browserName=chrome, takesScreenshot=true, javascriptEnabled=true, platformName=XP, setWindowRect=true, unexpectedAlertBehaviour=, applicationCacheEnabled=false, rotatable=false, networkConnectionEnabled=false, chrome={chromedriverVersion=2.33.506120 (e3e53437346286c0bc2d2dc9aa4915ba81d9023f), userDataDir=C:\Users\Sudheer\AppData\Local\Temp\scoped_dir15916_216}, takesHeapSnapshot=true, pageLoadStrategy=normal, unhandledPromptBehavior=, databaseEnabled=false, handlesAlerts=true, version=63.0.3239.84, browserConnectionEnabled=false, nativeEvents=true, locationContextEnabled=true, cssSelectorsEnabled=true}]Session ID: 52604a562f10498ff34b4fe5270caa91]]>
            </message>
            <full-stacktrace>
              <![CDATA[org.openqa.selenium.WebDriverException: unknown error: Element <div class="popup_menu_label">...</div> is not clickable at point (947, 68). Other element would receive the click: <div id="preInsertedTransformedMoireId" class="transformedMoireClass" style="transition: opacity 600ms ease-in-out; opacity: 0;"></div>  (Session info: chrome=63.0.3239.84)  (Driver info: chromedriver=2.33.506120 (e3e53437346286c0bc2d2dc9aa4915ba81d9023f),platform=Windows NT 10.0.16299 x86_64) (WARNING: The server did not provide any stacktrace information)Command duration or timeout: 0 millisecondsBuild info: version: '3.6.0', revision: '6fbf3ec767', time: '2017-09-27T16:15:40.131Z'System info: host: 'LAPTOP-AFJGE02E', ip: '192.168.80.1', os.name: 'Windows 10', os.arch: 'amd64', os.version: '10.0', java.version: '1.8.0_131'Driver info: org.openqa.selenium.chrome.ChromeDriverCapabilities [{mobileEmulationEnabled=false, hasTouchScreen=false, platform=XP, acceptSslCerts=true, webStorageEnabled=true, browserName=chrome, takesScreenshot=true, javascriptEnabled=true, platformName=XP, setWindowRect=true, unexpectedAlertBehaviour=, applicationCacheEnabled=false, rotatable=false, networkConnectionEnabled=false, chrome={chromedriverVersion=2.33.506120 (e3e53437346286c0bc2d2dc9aa4915ba81d9023f), userDataDir=C:\Users\Sudheer\AppData\Local\Temp\scoped_dir15916_216}, takesHeapSnapshot=true, pageLoadStrategy=normal, unhandledPromptBehavior=, databaseEnabled=false, handlesAlerts=true, version=63.0.3239.84, browserConnectionEnabled=false, nativeEvents=true, locationContextEnabled=true, cssSelectorsEnabled=true}]Session ID: 52604a562f10498ff34b4fe5270caa91at sun.reflect.NativeConstructorAccessorImpl.newInstance0(Native Method)at sun.reflect.NativeConstructorAccessorImpl.newInstance(NativeConstructorAccessorImpl.java:62)at sun.reflect.DelegatingConstructorAccessorImpl.newInstance(DelegatingConstructorAccessorImpl.java:45)at java.lang.reflect.Constructor.newInstance(Constructor.java:423)at org.openqa.selenium.remote.ErrorHandler.createThrowable(ErrorHandler.java:214)at org.openqa.selenium.remote.ErrorHandler.throwIfResponseFailed(ErrorHandler.java:166)at org.openqa.selenium.remote.http.JsonHttpResponseCodec.reconstructValue(JsonHttpResponseCodec.java:40)at org.openqa.selenium.remote.http.AbstractHttpResponseCodec.decode(AbstractHttpResponseCodec.java:82)at org.openqa.selenium.remote.http.AbstractHttpResponseCodec.decode(AbstractHttpResponseCodec.java:45)at org.openqa.selenium.remote.HttpCommandExecutor.execute(HttpCommandExecutor.java:164)at org.openqa.selenium.remote.service.DriverCommandExecutor.execute(DriverCommandExecutor.java:83)at org.openqa.selenium.remote.RemoteWebDriver.execute(RemoteWebDriver.java:586)at org.openqa.selenium.remote.RemoteWebElement.execute(RemoteWebElement.java:279)at org.openqa.selenium.remote.RemoteWebElement.click(RemoteWebElement.java:83)at sun.reflect.NativeMethodAccessorImpl.invoke0(Native Method)at sun.reflect.NativeMethodAccessorImpl.invoke(NativeMethodAccessorImpl.java:62)at sun.reflect.DelegatingMethodAccessorImpl.invoke(DelegatingMethodAccessorImpl.java:43)at java.lang.reflect.Method.invoke(Method.java:498)at org.openqa.selenium.support.pagefactory.internal.LocatingElementHandler.invoke(LocatingElementHandler.java:51)at com.sun.proxy.$Proxy11.click(Unknown Source)at page.EnterTimeTrackPage.clickHelp(EnterTimeTrackPage.java:48)at script.CheckProductVersion.testCheckProductVersion(CheckProductVersion.java:30)at sun.reflect.NativeMethodAccessorImpl.invoke0(Native Method)at sun.reflect.NativeMethodAccessorImpl.invoke(NativeMethodAccessorImpl.java:62)at sun.reflect.DelegatingMethodAccessorImpl.invoke(DelegatingMethodAccessorImpl.java:43)at java.lang.reflect.Method.invoke(Method.java:498)at org.testng.internal.MethodInvocationHelper.invokeMethod(MethodInvocationHelper.java:124)at org.testng.internal.Invoker.invokeMethod(Invoker.java:571)at org.testng.internal.Invoker.invokeTestMethod(Invoker.java:707)at org.testng.internal.Invoker.invokeTestMethods(Invoker.java:979)at org.testng.internal.TestMethodWorker.invokeTestMethods(TestMethodWorker.java:125)at org.testng.internal.TestMethodWorker.run(TestMethodWorker.java:109)at org.testng.TestRunner.privateRun(TestRunner.java:648)at org.testng.TestRunner.run(TestRunner.java:505)at org.testng.SuiteRunner.runTest(SuiteRunner.java:455)at org.testng.SuiteRunner.runSequentially(SuiteRunner.java:450)at org.testng.SuiteRunner.privateRun(SuiteRunner.java:415)at org.testng.SuiteRunner.run(SuiteRunner.java:364)at org.testng.SuiteRunnerWorker.runSuite(SuiteRunnerWorker.java:52)at org.testng.SuiteRunnerWorker.run(SuiteRunnerWorker.java:84)at org.testng.TestNG.runSuitesSequentially(TestNG.java:1187)at org.testng.TestNG.runSuitesLocally(TestNG.java:1116)at org.testng.TestNG.runSuites(TestNG.java:1028)at org.testng.TestNG.run(TestNG.java:996)at org.testng.remote.AbstractRemoteTestNG.run(AbstractRemoteTestNG.java:114)at org.testng.remote.RemoteTestNG.initAndRun(RemoteTestNG.java:251)at org.testng.remote.RemoteTestNG.main(RemoteTestNG.java:77)]]>
            </full-stacktrace>
          </exception> <!-- org.openqa.selenium.WebDriverException -->
          <reporter-output>
          </reporter-output>
        </test-method> <!-- testCheckProductVersion -->
      </class> <!-- script.CheckProductVersion -->
      <class name="script.InvalidLogin">
        <test-method status="PASS" signature="openApp(java.lang.String)[pri:0, instance:script.InvalidLogin@80503]" name="openApp" is-config="true" duration-ms="2855" started-at="2018-01-02T16:36:17Z" finished-at="2018-01-02T16:36:20Z">
          <params>
            <param index="0">
              <value>
                <![CDATA[chrome]]>
              </value>
            </param>
          </params>
          <reporter-output>
            <line>
              <![CDATA[http://localhost/login.do]]>
            </line>
            <line>
              <![CDATA[20]]>
            </line>
          </reporter-output>
        </test-method> <!-- openApp -->
        <test-method status="PASS" signature="testInvalidLogin()[pri:2, instance:script.InvalidLogin@80503]" name="testInvalidLogin" duration-ms="867" started-at="2018-01-02T16:36:20Z" finished-at="2018-01-02T16:36:21Z">
          <reporter-output>
            <line>
              <![CDATA[Pass : Error msg is displayed]]>
            </line>
          </reporter-output>
        </test-method> <!-- testInvalidLogin -->
      </class> <!-- script.InvalidLogin -->
      <class name="script.ValidLogin">
        <test-method status="PASS" signature="openApp(java.lang.String)[pri:0, instance:script.ValidLogin@69a3d1d]" name="openApp" is-config="true" duration-ms="3501" started-at="2018-01-02T16:36:12Z" finished-at="2018-01-02T16:36:15Z">
          <params>
            <param index="0">
              <value>
                <![CDATA[chrome]]>
              </value>
            </param>
          </params>
          <reporter-output>
            <line>
              <![CDATA[http://localhost/login.do]]>
            </line>
            <line>
              <![CDATA[20]]>
            </line>
          </reporter-output>
        </test-method> <!-- openApp -->
        <test-method status="PASS" signature="testValidLogin()[pri:1, instance:script.ValidLogin@69a3d1d]" name="testValidLogin" duration-ms="1699" started-at="2018-01-02T16:36:15Z" finished-at="2018-01-02T16:36:17Z">
          <reporter-output>
            <line>
              <![CDATA[admin-admin-actiTIME - Enter Time-Track]]>
            </line>
            <line>
              <![CDATA[Pass: HomePage is displayed]]>
            </line>
          </reporter-output>
        </test-method> <!-- testValidLogin -->
      </class> <!-- script.ValidLogin -->
    </test> <!-- Test -->
  </suite> <!-- Suite -->
</testng-results>
